0:0:0:0:0:0:0:1 - - [06/Sep/2024:06:35:46 +0200] "GET /actuator/metrics/process.uptime HTTP/1.1" 200 187
0:0:0:0:0:0:0:1 - - [06/Sep/2024:06:35:46 +0200] "GET /favicon.ico HTTP/1.1" 302 -
0:0:0:0:0:0:0:1 - - [06/Sep/2024:06:35:46 +0200] "GET /login HTTP/1.1" 200 961
0:0:0:0:0:0:0:1 - - [06/Sep/2024:07:21:07 +0200] "GET /actuator/health HTTP/1.1" 200 25
0:0:0:0:0:0:0:1 - - [06/Sep/2024:07:21:07 +0200] "GET /favicon.ico HTTP/1.1" 302 -
0:0:0:0:0:0:0:1 - - [06/Sep/2024:07:21:07 +0200] "GET /login HTTP/1.1" 200 961
0:0:0:0:0:0:0:1 - - [06/Sep/2024:07:21:11 +0200] "GET /actuator/info HTTP/1.1" 200 532
0:0:0:0:0:0:0:1 - - [06/Sep/2024:07:21:11 +0200] "GET /favicon.ico HTTP/1.1" 302 -
0:0:0:0:0:0:0:1 - - [06/Sep/2024:07:21:11 +0200] "GET /login HTTP/1.1" 200 961
0:0:0:0:0:0:0:1 - - [06/Sep/2024:07:21:28 +0200] "GET /actuator/metrics HTTP/1.1" 200 3253
0:0:0:0:0:0:0:1 - - [06/Sep/2024:07:21:28 +0200] "GET /favicon.ico HTTP/1.1" 302 -
0:0:0:0:0:0:0:1 - - [06/Sep/2024:07:21:28 +0200] "GET /login HTTP/1.1" 200 961
0:0:0:0:0:0:0:1 - - [06/Sep/2024:07:21:56 +0200] "GET /actuator/metrics/tomcat.sessions.active.current HTTP/1.1" 200 144
0:0:0:0:0:0:0:1 - - [06/Sep/2024:07:21:56 +0200] "GET /favicon.ico HTTP/1.1" 302 -
0:0:0:0:0:0:0:1 - - [06/Sep/2024:07:21:56 +0200] "GET /login HTTP/1.1" 200 961
0:0:0:0:0:0:0:1 - - [06/Sep/2024:07:22:49 +0200] "GET /actuator/metrics/tomcat.sessions.active.current HTTP/1.1" 200 144
0:0:0:0:0:0:0:1 - - [06/Sep/2024:07:22:49 +0200] "GET /favicon.ico HTTP/1.1" 302 -
0:0:0:0:0:0:0:1 - - [06/Sep/2024:07:22:49 +0200] "GET /login HTTP/1.1" 200 961
0:0:0:0:0:0:0:1 - - [06/Sep/2024:07:23:19 +0200] "GET /actuator/metrics/tomcat.sessions.active.current HTTP/1.1" 200 144
0:0:0:0:0:0:0:1 - - [06/Sep/2024:07:23:19 +0200] "GET /favicon.ico HTTP/1.1" 302 -
0:0:0:0:0:0:0:1 - - [06/Sep/2024:07:23:19 +0200] "GET /login HTTP/1.1" 200 961
0:0:0:0:0:0:0:1 - - [06/Sep/2024:07:23:28 +0200] "GET /actuator/metrics/tomcat.sessions.active.current HTTP/1.1" 200 144
0:0:0:0:0:0:0:1 - - [06/Sep/2024:07:23:28 +0200] "GET /favicon.ico HTTP/1.1" 302 -
0:0:0:0:0:0:0:1 - - [06/Sep/2024:07:23:28 +0200] "GET /login HTTP/1.1" 200 961
0:0:0:0:0:0:0:1 - - [06/Sep/2024:07:23:36 +0200] "GET /actuator/metrics/tomcat.sessions.active.current HTTP/1.1" 200 144
0:0:0:0:0:0:0:1 - - [06/Sep/2024:07:23:36 +0200] "GET /favicon.ico HTTP/1.1" 302 -
0:0:0:0:0:0:0:1 - - [06/Sep/2024:07:23:36 +0200] "GET /login HTTP/1.1" 200 961
0:0:0:0:0:0:0:1 - - [06/Sep/2024:07:23:49 +0200] "GET /actuator/metrics/process.uptime HTTP/1.1" 200 187
0:0:0:0:0:0:0:1 - - [06/Sep/2024:07:23:49 +0200] "GET /favicon.ico HTTP/1.1" 302 -
0:0:0:0:0:0:0:1 - - [06/Sep/2024:07:23:49 +0200] "GET /login HTTP/1.1" 200 961
0:0:0:0:0:0:0:1 - - [06/Sep/2024:07:55:17 +0200] "GET /actuator/metrics/process.uptime HTTP/1.1" 200 187
0:0:0:0:0:0:0:1 - - [06/Sep/2024:07:55:17 +0200] "GET /favicon.ico HTTP/1.1" 302 -
0:0:0:0:0:0:0:1 - - [06/Sep/2024:07:55:17 +0200] "GET /login HTTP/1.1" 200 961
0:0:0:0:0:0:0:1 - - [06/Sep/2024:07:55:17 +0200] "GET /actuator/metrics/spring.security.authentications HTTP/1.1" 200 626
0:0:0:0:0:0:0:1 - - [06/Sep/2024:07:55:17 +0200] "GET /favicon.ico HTTP/1.1" 302 -
0:0:0:0:0:0:0:1 - - [06/Sep/2024:07:55:17 +0200] "GET /login HTTP/1.1" 200 961
0:0:0:0:0:0:0:1 - - [06/Sep/2024:07:55:17 +0200] "GET /actuator/info HTTP/1.1" 200 532
0:0:0:0:0:0:0:1 - - [06/Sep/2024:07:55:17 +0200] "GET /favicon.ico HTTP/1.1" 302 -
0:0:0:0:0:0:0:1 - - [06/Sep/2024:07:55:17 +0200] "GET /login HTTP/1.1" 200 961
0:0:0:0:0:0:0:1 - - [06/Sep/2024:07:55:18 +0200] "GET /actuator/health HTTP/1.1" 200 25
0:0:0:0:0:0:0:1 - - [06/Sep/2024:07:55:18 +0200] "GET /favicon.ico HTTP/1.1" 302 -
0:0:0:0:0:0:0:1 - - [06/Sep/2024:07:55:18 +0200] "GET /login HTTP/1.1" 200 961
0:0:0:0:0:0:0:1 - - [06/Sep/2024:07:55:27 +0200] "GET /actuator/health HTTP/1.1" 200 25
0:0:0:0:0:0:0:1 - - [06/Sep/2024:07:55:27 +0200] "GET /favicon.ico HTTP/1.1" 302 -
0:0:0:0:0:0:0:1 - - [06/Sep/2024:07:55:27 +0200] "GET /login HTTP/1.1" 200 961
0:0:0:0:0:0:0:1 - - [06/Sep/2024:07:55:33 +0200] "GET /actuator/metrics/process.uptime HTTP/1.1" 200 187
0:0:0:0:0:0:0:1 - - [06/Sep/2024:07:55:33 +0200] "GET /favicon.ico HTTP/1.1" 302 -
0:0:0:0:0:0:0:1 - - [06/Sep/2024:07:55:33 +0200] "GET /login HTTP/1.1" 200 961
