0:0:0:0:0:0:0:1 - - [05/Sep/2024:13:38:53 +0200] "GET / HTTP/1.1" 302 -
0:0:0:0:0:0:0:1 - - [05/Sep/2024:13:38:53 +0200] "GET /oauth2/authorization/iddev HTTP/1.1" 302 -
0:0:0:0:0:0:0:1 - - [05/Sep/2024:13:39:20 +0200] "GET /actuators/ HTTP/1.1" 302 -
0:0:0:0:0:0:0:1 - - [05/Sep/2024:13:39:20 +0200] "GET /oauth2/authorization/iddev HTTP/1.1" 302 -
127.0.0.1 - - [05/Sep/2024:13:40:21 +0200] "GET /actuator/ HTTP/1.1" 302 -
127.0.0.1 - - [05/Sep/2024:13:40:21 +0200] "GET /oauth2/authorization/iddev HTTP/1.1" 302 -
0:0:0:0:0:0:0:1 - - [05/Sep/2024:13:40:46 +0200] "GET /actuator/health HTTP/1.1" 200 25
0:0:0:0:0:0:0:1 - - [05/Sep/2024:13:40:46 +0200] "GET /favicon.ico HTTP/1.1" 302 -
0:0:0:0:0:0:0:1 - - [05/Sep/2024:13:40:46 +0200] "GET /login HTTP/1.1" 200 961
0:0:0:0:0:0:0:1 - - [05/Sep/2024:13:43:19 +0200] "GET /actuator/health HTTP/1.1" 200 25
0:0:0:0:0:0:0:1 - - [05/Sep/2024:13:43:19 +0200] "GET /favicon.ico HTTP/1.1" 302 -
0:0:0:0:0:0:0:1 - - [05/Sep/2024:13:43:19 +0200] "GET /login HTTP/1.1" 200 961
0:0:0:0:0:0:0:1 - - [05/Sep/2024:13:43:23 +0200] "GET /actuator/info HTTP/1.1" 200 532
0:0:0:0:0:0:0:1 - - [05/Sep/2024:13:43:23 +0200] "GET /favicon.ico HTTP/1.1" 302 -
0:0:0:0:0:0:0:1 - - [05/Sep/2024:13:43:23 +0200] "GET /login HTTP/1.1" 200 961
0:0:0:0:0:0:0:1 - - [05/Sep/2024:13:43:43 +0200] "GET /actuator/metrics HTTP/1.1" 200 3072
0:0:0:0:0:0:0:1 - - [05/Sep/2024:13:43:43 +0200] "GET /favicon.ico HTTP/1.1" 302 -
0:0:0:0:0:0:0:1 - - [05/Sep/2024:13:43:43 +0200] "GET /login HTTP/1.1" 200 961
0:0:0:0:0:0:0:1 - - [05/Sep/2024:13:43:59 +0200] "GET /actuator/metrics/jvm.memory.used HTTP/1.1" 200 422
0:0:0:0:0:0:0:1 - - [05/Sep/2024:13:43:59 +0200] "GET /favicon.ico HTTP/1.1" 302 -
0:0:0:0:0:0:0:1 - - [05/Sep/2024:13:43:59 +0200] "GET /login HTTP/1.1" 200 961
0:0:0:0:0:0:0:1 - - [05/Sep/2024:13:45:04 +0200] "GET /actuator/metrics HTTP/1.1" 200 3072
0:0:0:0:0:0:0:1 - - [05/Sep/2024:13:45:04 +0200] "GET /favicon.ico HTTP/1.1" 302 -
0:0:0:0:0:0:0:1 - - [05/Sep/2024:13:45:04 +0200] "GET /login HTTP/1.1" 200 961
0:0:0:0:0:0:0:1 - - [05/Sep/2024:13:45:20 +0200] "GET /actuator/metrics/process.start.time HTTP/1.1" 200 204
0:0:0:0:0:0:0:1 - - [05/Sep/2024:13:45:20 +0200] "GET /favicon.ico HTTP/1.1" 302 -
0:0:0:0:0:0:0:1 - - [05/Sep/2024:13:45:20 +0200] "GET /login HTTP/1.1" 200 961
0:0:0:0:0:0:0:1 - - [05/Sep/2024:13:45:32 +0200] "GET /actuator/metrics/process.uptime HTTP/1.1" 200 186
0:0:0:0:0:0:0:1 - - [05/Sep/2024:13:45:32 +0200] "GET /favicon.ico HTTP/1.1" 302 -
0:0:0:0:0:0:0:1 - - [05/Sep/2024:13:45:32 +0200] "GET /login HTTP/1.1" 200 961
0:0:0:0:0:0:0:1 - - [05/Sep/2024:13:46:00 +0200] "GET /actuator/metrics/process.start.time HTTP/1.1" 200 204
0:0:0:0:0:0:0:1 - - [05/Sep/2024:13:46:00 +0200] "GET /favicon.ico HTTP/1.1" 302 -
0:0:0:0:0:0:0:1 - - [05/Sep/2024:13:46:00 +0200] "GET /login HTTP/1.1" 200 961
0:0:0:0:0:0:0:1 - - [05/Sep/2024:13:46:05 +0200] "GET /actuator/metrics HTTP/1.1" 200 3072
0:0:0:0:0:0:0:1 - - [05/Sep/2024:13:46:05 +0200] "GET /favicon.ico HTTP/1.1" 302 -
0:0:0:0:0:0:0:1 - - [05/Sep/2024:13:46:05 +0200] "GET /login HTTP/1.1" 200 961
0:0:0:0:0:0:0:1 - - [05/Sep/2024:13:53:28 +0200] "GET /actuator/info HTTP/1.1" 200 532
0:0:0:0:0:0:0:1 - - [05/Sep/2024:13:53:28 +0200] "GET /favicon.ico HTTP/1.1" 302 -
0:0:0:0:0:0:0:1 - - [05/Sep/2024:13:53:28 +0200] "GET /login HTTP/1.1" 200 961
0:0:0:0:0:0:0:1 - - [05/Sep/2024:13:53:29 +0200] "GET /actuator/health HTTP/1.1" 200 25
0:0:0:0:0:0:0:1 - - [05/Sep/2024:13:53:29 +0200] "GET /favicon.ico HTTP/1.1" 302 -
0:0:0:0:0:0:0:1 - - [05/Sep/2024:13:53:29 +0200] "GET /login HTTP/1.1" 200 961
0:0:0:0:0:0:0:1 - - [05/Sep/2024:13:54:15 +0200] "GET /actuator/health HTTP/1.1" 200 25
0:0:0:0:0:0:0:1 - - [05/Sep/2024:13:54:15 +0200] "GET /favicon.ico HTTP/1.1" 302 -
0:0:0:0:0:0:0:1 - - [05/Sep/2024:13:54:15 +0200] "GET /login HTTP/1.1" 200 961
0:0:0:0:0:0:0:1 - - [05/Sep/2024:13:54:20 +0200] "GET /actuator/ HTTP/1.1" 302 -
0:0:0:0:0:0:0:1 - - [05/Sep/2024:13:54:20 +0200] "GET /oauth2/authorization/iddev HTTP/1.1" 302 -
0:0:0:0:0:0:0:1 - - [05/Sep/2024:13:54:22 +0200] "GET /actuator/health HTTP/1.1" 200 25
0:0:0:0:0:0:0:1 - - [05/Sep/2024:13:54:22 +0200] "GET /favicon.ico HTTP/1.1" 302 -
0:0:0:0:0:0:0:1 - - [05/Sep/2024:13:54:22 +0200] "GET /login HTTP/1.1" 200 961
0:0:0:0:0:0:0:1 - - [05/Sep/2024:13:55:50 +0200] "GET /actuator/health HTTP/1.1" 200 25
0:0:0:0:0:0:0:1 - - [05/Sep/2024:13:55:50 +0200] "GET /favicon.ico HTTP/1.1" 302 -
0:0:0:0:0:0:0:1 - - [05/Sep/2024:13:55:50 +0200] "GET /login HTTP/1.1" 200 961
0:0:0:0:0:0:0:1 - - [05/Sep/2024:13:55:55 +0200] "GET /actuator/info HTTP/1.1" 200 532
0:0:0:0:0:0:0:1 - - [05/Sep/2024:13:55:55 +0200] "GET /favicon.ico HTTP/1.1" 302 -
0:0:0:0:0:0:0:1 - - [05/Sep/2024:13:55:55 +0200] "GET /login HTTP/1.1" 200 961
0:0:0:0:0:0:0:1 - - [05/Sep/2024:13:56:04 +0200] "GET /actuator/metrics HTTP/1.1" 200 3200
0:0:0:0:0:0:0:1 - - [05/Sep/2024:13:56:04 +0200] "GET /favicon.ico HTTP/1.1" 302 -
0:0:0:0:0:0:0:1 - - [05/Sep/2024:13:56:04 +0200] "GET /login HTTP/1.1" 200 961
0:0:0:0:0:0:0:1 - - [05/Sep/2024:13:56:58 +0200] "GET /actuator/metrics/spring.security.authentications HTTP/1.1" 200 542
0:0:0:0:0:0:0:1 - - [05/Sep/2024:13:56:58 +0200] "GET /favicon.ico HTTP/1.1" 302 -
0:0:0:0:0:0:0:1 - - [05/Sep/2024:13:56:58 +0200] "GET /login HTTP/1.1" 200 961
0:0:0:0:0:0:0:1 - - [05/Sep/2024:13:57:14 +0200] "GET /actuator/metrics HTTP/1.1" 200 3200
0:0:0:0:0:0:0:1 - - [05/Sep/2024:13:57:14 +0200] "GET /favicon.ico HTTP/1.1" 302 -
0:0:0:0:0:0:0:1 - - [05/Sep/2024:13:57:14 +0200] "GET /login HTTP/1.1" 200 961
0:0:0:0:0:0:0:1 - - [05/Sep/2024:13:57:22 +0200] "GET /actuator/metrics/process.uptime HTTP/1.1" 200 186
0:0:0:0:0:0:0:1 - - [05/Sep/2024:13:57:22 +0200] "GET /favicon.ico HTTP/1.1" 302 -
0:0:0:0:0:0:0:1 - - [05/Sep/2024:13:57:22 +0200] "GET /login HTTP/1.1" 200 961
